<?xml version="1.0" encoding="UTF-8"?>
<!-- Generated by org.testng.reporters.JUnitReportReporter -->
<testsuite hostname="WINDOWS-Q3AF2KO" failures="0" tests="162" name="runner.TestRunner" time="335.708" errors="0" timestamp="2023-12-05T14:21:28 EST" skipped="0">
  <testcase classname="runner.TestRunner" name="runScenario" time="1.189"/>
  <testcase classname="runner.TestRunner" name="runScenario" time="0.810"/>
  <testcase classname="runner.TestRunner" name="runScenario" time="1.488"/>
  <testcase classname="runner.TestRunner" name="runScenario" time="0.665"/>
  <testcase classname="runner.TestRunner" name="runScenario" time="2.687"/>
  <testcase classname="runner.TestRunner" name="runScenario" time="6.795"/>
  <testcase classname="runner.TestRunner" name="runScenario" time="0.593"/>
  <testcase classname="runner.TestRunner" name="runScenario" time="2.278"/>
  <testcase classname="runner.TestRunner" name="runScenario" time="0.659"/>
  <testcase classname="runner.TestRunner" name="runScenario" time="1.664"/>
  <testcase classname="runner.TestRunner" name="runScenario" time="2.702"/>
  <testcase classname="runner.TestRunner" name="runScenario" time="0.050"/>
  <testcase classname="runner.TestRunner" name="runScenario" time="2.890"/>
  <testcase classname="runner.TestRunner" name="runScenario" time="2.598"/>
  <testcase classname="runner.TestRunner" name="runScenario" time="1.067"/>
  <testcase classname="runner.TestRunner" name="runScenario" time="2.571"/>
  <testcase classname="runner.TestRunner" name="runScenario" time="2.689"/>
  <testcase classname="runner.TestRunner" name="runScenario" time="2.576"/>
  <testcase classname="runner.TestRunner" name="runScenario" time="2.863"/>
  <testcase classname="runner.TestRunner" name="runScenario" time="1.221"/>
  <testcase classname="runner.TestRunner" name="runScenario" time="1.018"/>
  <testcase classname="runner.TestRunner" name="runScenario" time="2.766"/>
  <testcase classname="runner.TestRunner" name="runScenario" time="0.888"/>
  <testcase classname="runner.TestRunner" name="runScenario" time="1.656"/>
  <testcase classname="runner.TestRunner" name="runScenario" time="2.606"/>
  <testcase classname="runner.TestRunner" name="runScenario" time="2.934"/>
  <testcase classname="runner.TestRunner" name="runScenario" time="2.166"/>
  <testcase classname="runner.TestRunner" name="runScenario" time="0.021"/>
  <testcase classname="runner.TestRunner" name="runScenario" time="3.020"/>
  <testcase classname="runner.TestRunner" name="runScenario" time="2.084"/>
  <testcase classname="runner.TestRunner" name="runScenario" time="2.949"/>
  <testcase classname="runner.TestRunner" name="runScenario" time="1.276"/>
  <testcase classname="runner.TestRunner" name="runScenario" time="2.690"/>
  <testcase classname="runner.TestRunner" name="runScenario" time="2.237"/>
  <testcase classname="runner.TestRunner" name="runScenario" time="1.540"/>
  <testcase classname="runner.TestRunner" name="runScenario" time="0.605"/>
  <testcase classname="runner.TestRunner" name="runScenario" time="2.613"/>
  <testcase classname="runner.TestRunner" name="runScenario" time="0.651"/>
  <testcase classname="runner.TestRunner" name="runScenario" time="3.152"/>
  <testcase classname="runner.TestRunner" name="runScenario" time="1.266"/>
  <testcase classname="runner.TestRunner" name="runScenario" time="2.683"/>
  <testcase classname="runner.TestRunner" name="runScenario" time="2.155"/>
  <testcase classname="runner.TestRunner" name="runScenario" time="2.672"/>
  <testcase classname="runner.TestRunner" name="runScenario" time="2.799"/>
  <testcase classname="runner.TestRunner" name="runScenario" time="2.013"/>
  <testcase classname="runner.TestRunner" name="runScenario" time="1.603"/>
  <testcase classname="runner.TestRunner" name="runScenario" time="0.809"/>
  <testcase classname="runner.TestRunner" name="runScenario" time="6.000"/>
  <testcase classname="runner.TestRunner" name="runScenario" time="1.937"/>
  <testcase classname="runner.TestRunner" name="runScenario" time="2.153"/>
  <testcase classname="runner.TestRunner" name="runScenario" time="4.594"/>
  <testcase classname="runner.TestRunner" name="runScenario" time="1.327"/>
  <testcase classname="runner.TestRunner" name="runScenario" time="1.182"/>
  <testcase classname="runner.TestRunner" name="runScenario" time="2.421"/>
  <testcase classname="runner.TestRunner" name="runScenario" time="2.837"/>
  <testcase classname="runner.TestRunner" name="runScenario" time="2.167"/>
  <testcase classname="runner.TestRunner" name="runScenario" time="3.226"/>
  <testcase classname="runner.TestRunner" name="runScenario" time="0.633"/>
  <testcase classname="runner.TestRunner" name="runScenario" time="5.153"/>
  <testcase classname="runner.TestRunner" name="runScenario" time="1.130"/>
  <testcase classname="runner.TestRunner" name="runScenario" time="0.827"/>
  <testcase classname="runner.TestRunner" name="runScenario" time="1.807"/>
  <testcase classname="runner.TestRunner" name="runScenario" time="3.668"/>
  <testcase classname="runner.TestRunner" name="runScenario" time="0.498"/>
  <testcase classname="runner.TestRunner" name="runScenario" time="1.132"/>
  <testcase classname="runner.TestRunner" name="runScenario" time="1.039"/>
  <testcase classname="runner.TestRunner" name="runScenario" time="2.640"/>
  <testcase classname="runner.TestRunner" name="runScenario" time="3.269"/>
  <testcase classname="runner.TestRunner" name="runScenario" time="1.309"/>
  <testcase classname="runner.TestRunner" name="runScenario" time="2.404"/>
  <testcase classname="runner.TestRunner" name="runScenario" time="2.270"/>
  <testcase classname="runner.TestRunner" name="runScenario" time="0.664"/>
  <testcase classname="runner.TestRunner" name="runScenario" time="1.613"/>
  <testcase classname="runner.TestRunner" name="runScenario" time="0.617"/>
  <testcase classname="runner.TestRunner" name="runScenario" time="3.048"/>
  <testcase classname="runner.TestRunner" name="runScenario" time="0.607"/>
  <testcase classname="runner.TestRunner" name="runScenario" time="1.557"/>
  <testcase classname="runner.TestRunner" name="runScenario" time="0.760"/>
  <testcase classname="runner.TestRunner" name="runScenario" time="1.981"/>
  <testcase classname="runner.TestRunner" name="runScenario" time="1.277"/>
  <testcase classname="runner.TestRunner" name="runScenario" time="2.833"/>
  <testcase classname="runner.TestRunner" name="runScenario" time="2.312"/>
  <testcase classname="runner.TestRunner" name="runScenario" time="3.219"/>
  <testcase classname="runner.TestRunner" name="runScenario" time="2.177"/>
  <testcase classname="runner.TestRunner" name="runScenario" time="1.229"/>
  <testcase classname="runner.TestRunner" name="runScenario" time="2.874"/>
  <testcase classname="runner.TestRunner" name="runScenario" time="3.023"/>
  <testcase classname="runner.TestRunner" name="runScenario" time="2.366"/>
  <testcase classname="runner.TestRunner" name="runScenario" time="4.778"/>
  <testcase classname="runner.TestRunner" name="runScenario" time="2.516"/>
  <testcase classname="runner.TestRunner" name="runScenario" time="1.886"/>
  <testcase classname="runner.TestRunner" name="runScenario" time="2.740"/>
  <testcase classname="runner.TestRunner" name="runScenario" time="2.495"/>
  <testcase classname="runner.TestRunner" name="runScenario" time="2.783"/>
  <testcase classname="runner.TestRunner" name="runScenario" time="0.833"/>
  <testcase classname="runner.TestRunner" name="runScenario" time="2.102"/>
  <testcase classname="runner.TestRunner" name="runScenario" time="1.622"/>
  <testcase classname="runner.TestRunner" name="runScenario" time="1.101"/>
  <testcase classname="runner.TestRunner" name="runScenario" time="1.710"/>
  <testcase classname="runner.TestRunner" name="runScenario" time="1.630"/>
  <testcase classname="runner.TestRunner" name="runScenario" time="2.619"/>
  <testcase classname="runner.TestRunner" name="runScenario" time="2.335"/>
  <testcase classname="runner.TestRunner" name="runScenario" time="3.517"/>
  <testcase classname="runner.TestRunner" name="runScenario" time="2.504"/>
  <testcase classname="runner.TestRunner" name="runScenario" time="2.349"/>
  <testcase classname="runner.TestRunner" name="runScenario" time="2.791"/>
  <testcase classname="runner.TestRunner" name="runScenario" time="2.401"/>
  <testcase classname="runner.TestRunner" name="runScenario" time="2.044"/>
  <testcase classname="runner.TestRunner" name="runScenario" time="2.544"/>
  <testcase classname="runner.TestRunner" name="runScenario" time="1.810"/>
  <testcase classname="runner.TestRunner" name="runScenario" time="3.079"/>
  <testcase classname="runner.TestRunner" name="runScenario" time="1.575"/>
  <testcase classname="runner.TestRunner" name="runScenario" time="1.837"/>
  <testcase classname="runner.TestRunner" name="runScenario" time="1.599"/>
  <testcase classname="runner.TestRunner" name="runScenario" time="0.752"/>
  <testcase classname="runner.TestRunner" name="runScenario" time="1.894"/>
  <testcase classname="runner.TestRunner" name="runScenario" time="2.814"/>
  <testcase classname="runner.TestRunner" name="runScenario" time="2.057"/>
  <testcase classname="runner.TestRunner" name="runScenario" time="2.234"/>
  <testcase classname="runner.TestRunner" name="runScenario" time="0.742"/>
  <testcase classname="runner.TestRunner" name="runScenario" time="1.861"/>
  <testcase classname="runner.TestRunner" name="runScenario" time="2.378"/>
  <testcase classname="runner.TestRunner" name="runScenario" time="1.792"/>
  <testcase classname="runner.TestRunner" name="runScenario" time="2.445"/>
  <testcase classname="runner.TestRunner" name="runScenario" time="2.249"/>
  <testcase classname="runner.TestRunner" name="runScenario" time="1.526"/>
  <testcase classname="runner.TestRunner" name="runScenario" time="2.035"/>
  <testcase classname="runner.TestRunner" name="runScenario" time="0.984"/>
  <testcase classname="runner.TestRunner" name="runScenario" time="1.974"/>
  <testcase classname="runner.TestRunner" name="runScenario" time="0.018"/>
  <testcase classname="runner.TestRunner" name="runScenario" time="1.291"/>
  <testcase classname="runner.TestRunner" name="runScenario" time="1.899"/>
  <testcase classname="runner.TestRunner" name="runScenario" time="1.446"/>
  <testcase classname="runner.TestRunner" name="runScenario" time="1.748"/>
  <testcase classname="runner.TestRunner" name="runScenario" time="0.947"/>
  <testcase classname="runner.TestRunner" name="runScenario" time="2.534"/>
  <testcase classname="runner.TestRunner" name="runScenario" time="1.726"/>
  <testcase classname="runner.TestRunner" name="runScenario" time="1.017"/>
  <testcase classname="runner.TestRunner" name="runScenario" time="0.025"/>
  <testcase classname="runner.TestRunner" name="runScenario" time="2.029"/>
  <testcase classname="runner.TestRunner" name="runScenario" time="2.968"/>
  <testcase classname="runner.TestRunner" name="runScenario" time="2.608"/>
  <testcase classname="runner.TestRunner" name="runScenario" time="1.809"/>
  <testcase classname="runner.TestRunner" name="runScenario" time="0.509"/>
  <testcase classname="runner.TestRunner" name="runScenario" time="0.734"/>
  <testcase classname="runner.TestRunner" name="runScenario" time="7.158"/>
  <testcase classname="runner.TestRunner" name="runScenario" time="2.062"/>
  <testcase classname="runner.TestRunner" name="runScenario" time="3.178"/>
  <testcase classname="runner.TestRunner" name="runScenario" time="4.196"/>
  <testcase classname="runner.TestRunner" name="runScenario" time="1.571"/>
  <testcase classname="runner.TestRunner" name="runScenario" time="1.626"/>
  <testcase classname="runner.TestRunner" name="runScenario" time="2.818"/>
  <testcase classname="runner.TestRunner" name="runScenario" time="2.772"/>
  <testcase classname="runner.TestRunner" name="runScenario" time="1.779"/>
  <testcase classname="runner.TestRunner" name="runScenario" time="0.889"/>
  <testcase classname="runner.TestRunner" name="runScenario" time="1.926"/>
  <testcase classname="runner.TestRunner" name="runScenario" time="0.753"/>
  <testcase classname="runner.TestRunner" name="runScenario" time="0.718"/>
  <testcase classname="runner.TestRunner" name="runScenario" time="4.149"/>
  <testcase classname="runner.TestRunner" name="runScenario" time="1.716"/>
  <testcase classname="runner.TestRunner" name="runScenario" time="4.477"/>
  <testcase classname="runner.TestRunner" name="runScenario" time="2.968"/>
</testsuite> <!-- runner.TestRunner -->
