<?xml version="1.0" encoding="UTF-8"?>
<!-- Generated by org.testng.reporters.JUnitReportReporter -->
<testsuite hostname="WINDOWS-Q3AF2KO" failures="0" tests="81" name="runner.TestRunner" time="110.814" errors="0" timestamp="2023-12-06T13:01:28 EST" skipped="0">
  <testcase classname="runner.TestRunner" name="runScenario" time="0.563"/>
  <testcase classname="runner.TestRunner" name="runScenario" time="1.985"/>
  <testcase classname="runner.TestRunner" name="runScenario" time="1.908"/>
  <testcase classname="runner.TestRunner" name="runScenario" time="0.562"/>
  <testcase classname="runner.TestRunner" name="runScenario" time="0.604"/>
  <testcase classname="runner.TestRunner" name="runScenario" time="1.622"/>
  <testcase classname="runner.TestRunner" name="runScenario" time="1.946"/>
  <testcase classname="runner.TestRunner" name="runScenario" time="1.120"/>
  <testcase classname="runner.TestRunner" name="runScenario" time="1.048"/>
  <testcase classname="runner.TestRunner" name="runScenario" time="1.311"/>
  <testcase classname="runner.TestRunner" name="runScenario" time="1.229"/>
  <testcase classname="runner.TestRunner" name="runScenario" time="0.647"/>
  <testcase classname="runner.TestRunner" name="runScenario" time="2.132"/>
  <testcase classname="runner.TestRunner" name="runScenario" time="1.649"/>
  <testcase classname="runner.TestRunner" name="runScenario" time="0.541"/>
  <testcase classname="runner.TestRunner" name="runScenario" time="1.339"/>
  <testcase classname="runner.TestRunner" name="runScenario" time="1.608"/>
  <testcase classname="runner.TestRunner" name="runScenario" time="1.117"/>
  <testcase classname="runner.TestRunner" name="runScenario" time="0.623"/>
  <testcase classname="runner.TestRunner" name="runScenario" time="1.801"/>
  <testcase classname="runner.TestRunner" name="runScenario" time="0.702"/>
  <testcase classname="runner.TestRunner" name="runScenario" time="1.298"/>
  <testcase classname="runner.TestRunner" name="runScenario" time="1.345"/>
  <testcase classname="runner.TestRunner" name="runScenario" time="1.691"/>
  <testcase classname="runner.TestRunner" name="runScenario" time="1.645"/>
  <testcase classname="runner.TestRunner" name="runScenario" time="1.476"/>
  <testcase classname="runner.TestRunner" name="runScenario" time="0.039"/>
  <testcase classname="runner.TestRunner" name="runScenario" time="1.890"/>
  <testcase classname="runner.TestRunner" name="runScenario" time="1.862"/>
  <testcase classname="runner.TestRunner" name="runScenario" time="1.719"/>
  <testcase classname="runner.TestRunner" name="runScenario" time="0.706"/>
  <testcase classname="runner.TestRunner" name="runScenario" time="1.964"/>
  <testcase classname="runner.TestRunner" name="runScenario" time="1.334"/>
  <testcase classname="runner.TestRunner" name="runScenario" time="1.965"/>
  <testcase classname="runner.TestRunner" name="runScenario" time="0.609"/>
  <testcase classname="runner.TestRunner" name="runScenario" time="2.017"/>
  <testcase classname="runner.TestRunner" name="runScenario" time="0.020"/>
  <testcase classname="runner.TestRunner" name="runScenario" time="2.113"/>
  <testcase classname="runner.TestRunner" name="runScenario" time="1.241"/>
  <testcase classname="runner.TestRunner" name="runScenario" time="2.296"/>
  <testcase classname="runner.TestRunner" name="runScenario" time="1.719"/>
  <testcase classname="runner.TestRunner" name="runScenario" time="1.839"/>
  <testcase classname="runner.TestRunner" name="runScenario" time="2.081"/>
  <testcase classname="runner.TestRunner" name="runScenario" time="0.743"/>
  <testcase classname="runner.TestRunner" name="runScenario" time="1.914"/>
  <testcase classname="runner.TestRunner" name="runScenario" time="1.613"/>
  <testcase classname="runner.TestRunner" name="runScenario" time="1.924"/>
  <testcase classname="runner.TestRunner" name="runScenario" time="1.088"/>
  <testcase classname="runner.TestRunner" name="runScenario" time="0.598"/>
  <testcase classname="runner.TestRunner" name="runScenario" time="0.429"/>
  <testcase classname="runner.TestRunner" name="runScenario" time="0.590"/>
  <testcase classname="runner.TestRunner" name="runScenario" time="1.628"/>
  <testcase classname="runner.TestRunner" name="runScenario" time="1.869"/>
  <testcase classname="runner.TestRunner" name="runScenario" time="0.446"/>
  <testcase classname="runner.TestRunner" name="runScenario" time="0.653"/>
  <testcase classname="runner.TestRunner" name="runScenario" time="1.873"/>
  <testcase classname="runner.TestRunner" name="runScenario" time="2.539"/>
  <testcase classname="runner.TestRunner" name="runScenario" time="1.369"/>
  <testcase classname="runner.TestRunner" name="runScenario" time="1.841"/>
  <testcase classname="runner.TestRunner" name="runScenario" time="1.817"/>
  <testcase classname="runner.TestRunner" name="runScenario" time="4.011"/>
  <testcase classname="runner.TestRunner" name="runScenario" time="1.677"/>
  <testcase classname="runner.TestRunner" name="runScenario" time="1.250"/>
  <testcase classname="runner.TestRunner" name="runScenario" time="1.784"/>
  <testcase classname="runner.TestRunner" name="runScenario" time="1.799"/>
  <testcase classname="runner.TestRunner" name="runScenario" time="0.624"/>
  <testcase classname="runner.TestRunner" name="runScenario" time="0.744"/>
  <testcase classname="runner.TestRunner" name="runScenario" time="1.866"/>
  <testcase classname="runner.TestRunner" name="runScenario" time="0.525"/>
  <testcase classname="runner.TestRunner" name="runScenario" time="1.044"/>
  <testcase classname="runner.TestRunner" name="runScenario" time="1.713"/>
  <testcase classname="runner.TestRunner" name="runScenario" time="0.730"/>
  <testcase classname="runner.TestRunner" name="runScenario" time="1.351"/>
  <testcase classname="runner.TestRunner" name="runScenario" time="1.795"/>
  <testcase classname="runner.TestRunner" name="runScenario" time="0.576"/>
  <testcase classname="runner.TestRunner" name="runScenario" time="0.637"/>
  <testcase classname="runner.TestRunner" name="runScenario" time="0.931"/>
  <testcase classname="runner.TestRunner" name="runScenario" time="1.757"/>
  <testcase classname="runner.TestRunner" name="runScenario" time="1.884"/>
  <testcase classname="runner.TestRunner" name="runScenario" time="1.870"/>
  <testcase classname="runner.TestRunner" name="runScenario" time="0.386"/>
</testsuite> <!-- runner.TestRunner -->
